<?xml version="1.0" encoding="UTF-8"?>
<!-- Generated by org.testng.reporters.JUnitXMLReporter -->
<testsuite ignored="0" hostname="vergil333-UX302LA" failures="0" tests="4" name="Selenium-Testing" time="60.142" errors="0" timestamp="08 Oct 2019 16:47:30 GMT">
  <testcase classname="com.machava.selenium.TestNGTrello" name="createBoardWithSelenium" time="4.968"/>
  <testcase classname="com.machava.selenium.TestNGTrello" name="createBoardAndList" time="5.566"/>
  <testcase classname="com.machava.selenium.TestNGTrello" name="createEverything" time="17.826"/>
  <testcase classname="com.machava.selenium.TestNGTrello" name="createEverythingWithSelenium" time="20.553"/>
</testsuite> <!-- Selenium-Testing -->
