<?xml version="1.0" encoding="UTF-8"?>
<testng-results ignored="0" total="4" passed="4" failed="0" skipped="0">
  <reporter-output>
  </reporter-output>
  <suite started-at="2019-10-13T20:54:10Z" name="Trello Suite" finished-at="2019-10-13T20:55:07Z" duration-ms="57219">
    <groups>
    </groups>
    <test started-at="2019-10-13T20:54:10Z" name="TestTrello" finished-at="2019-10-13T20:55:07Z" duration-ms="57219">
      <class name="com.machava.selenium.TestNGTrello">
        <test-method is-config="true" signature="setup()[pri:0, instance:com.machava.selenium.TestNGTrello@52e6fdee]" started-at="2019-10-13T20:54:10Z" name="setup" finished-at="2019-10-13T20:54:14Z" duration-ms="3892" status="PASS">
          <reporter-output>
          </reporter-output>
        </test-method> <!-- setup -->
        <test-method signature="createBoardWithSelenium()[pri:0, instance:com.machava.selenium.TestNGTrello@52e6fdee]" started-at="2019-10-13T20:54:14Z" name="createBoardWithSelenium" finished-at="2019-10-13T20:54:18Z" duration-ms="4346" status="PASS">
          <reporter-output>
          </reporter-output>
        </test-method> <!-- createBoardWithSelenium -->
        <test-method is-config="true" signature="closeBrowser()[pri:0, instance:com.machava.selenium.TestNGTrello@52e6fdee]" started-at="2019-10-13T20:54:18Z" name="closeBrowser" finished-at="2019-10-13T20:54:18Z" duration-ms="174" status="PASS">
          <reporter-output>
          </reporter-output>
        </test-method> <!-- closeBrowser -->
        <test-method is-config="true" signature="setup()[pri:0, instance:com.machava.selenium.TestNGTrello@52e6fdee]" started-at="2019-10-13T20:54:18Z" name="setup" finished-at="2019-10-13T20:54:21Z" duration-ms="2426" status="PASS">
          <reporter-output>
          </reporter-output>
        </test-method> <!-- setup -->
        <test-method signature="createBoardAndList()[pri:1, instance:com.machava.selenium.TestNGTrello@52e6fdee]" started-at="2019-10-13T20:54:21Z" name="createBoardAndList" finished-at="2019-10-13T20:54:26Z" duration-ms="5259" status="PASS">
          <reporter-output>
          </reporter-output>
        </test-method> <!-- createBoardAndList -->
        <test-method is-config="true" signature="closeBrowser()[pri:0, instance:com.machava.selenium.TestNGTrello@52e6fdee]" started-at="2019-10-13T20:54:26Z" name="closeBrowser" finished-at="2019-10-13T20:54:26Z" duration-ms="127" status="PASS">
          <reporter-output>
          </reporter-output>
        </test-method> <!-- closeBrowser -->
        <test-method is-config="true" signature="setup()[pri:0, instance:com.machava.selenium.TestNGTrello@52e6fdee]" started-at="2019-10-13T20:54:26Z" name="setup" finished-at="2019-10-13T20:54:28Z" duration-ms="2070" status="PASS">
          <reporter-output>
          </reporter-output>
        </test-method> <!-- setup -->
        <test-method signature="createEverything()[pri:2, instance:com.machava.selenium.TestNGTrello@52e6fdee]" started-at="2019-10-13T20:54:28Z" name="createEverything" finished-at="2019-10-13T20:54:45Z" duration-ms="16943" status="PASS">
          <reporter-output>
          </reporter-output>
        </test-method> <!-- createEverything -->
        <test-method is-config="true" signature="closeBrowser()[pri:0, instance:com.machava.selenium.TestNGTrello@52e6fdee]" started-at="2019-10-13T20:54:45Z" name="closeBrowser" finished-at="2019-10-13T20:54:45Z" duration-ms="111" status="PASS">
          <reporter-output>
          </reporter-output>
        </test-method> <!-- closeBrowser -->
        <test-method is-config="true" signature="setup()[pri:0, instance:com.machava.selenium.TestNGTrello@52e6fdee]" started-at="2019-10-13T20:54:45Z" name="setup" finished-at="2019-10-13T20:54:48Z" duration-ms="2205" status="PASS">
          <reporter-output>
          </reporter-output>
        </test-method> <!-- setup -->
        <test-method signature="createEverythingWithSelenium()[pri:3, instance:com.machava.selenium.TestNGTrello@52e6fdee]" started-at="2019-10-13T20:54:48Z" name="createEverythingWithSelenium" finished-at="2019-10-13T20:55:07Z" duration-ms="19502" status="PASS">
          <reporter-output>
          </reporter-output>
        </test-method> <!-- createEverythingWithSelenium -->
        <test-method is-config="true" signature="closeBrowser()[pri:0, instance:com.machava.selenium.TestNGTrello@52e6fdee]" started-at="2019-10-13T20:55:07Z" name="closeBrowser" finished-at="2019-10-13T20:55:07Z" duration-ms="115" status="PASS">
          <reporter-output>
          </reporter-output>
        </test-method> <!-- closeBrowser -->
        <test-method is-config="true" signature="sendReportByEmail()[pri:0, instance:com.machava.selenium.TestNGTrello@52e6fdee]" started-at="2019-10-13T20:55:07Z" name="sendReportByEmail" finished-at="2019-10-13T20:55:11Z" duration-ms="3460" status="PASS">
          <reporter-output>
          </reporter-output>
        </test-method> <!-- sendReportByEmail -->
      </class> <!-- com.machava.selenium.TestNGTrello -->
    </test> <!-- TestTrello -->
  </suite> <!-- Trello Suite -->
</testng-results>
