<?xml version="1.0" encoding="UTF-8"?>
<!-- Generated by org.testng.reporters.JUnitXMLReporter -->
<testsuite ignored="0" hostname="vergil333-UX302LA" failures="0" tests="4" name="TestTrello" time="57.219" errors="0" timestamp="13 Oct 2019 20:55:07 GMT">
  <testcase classname="com.machava.selenium.TestNGTrello" name="createBoardWithSelenium" time="4.346"/>
  <testcase classname="com.machava.selenium.TestNGTrello" name="createBoardAndList" time="5.259"/>
  <testcase classname="com.machava.selenium.TestNGTrello" name="createEverything" time="16.943"/>
  <testcase classname="com.machava.selenium.TestNGTrello" name="createEverythingWithSelenium" time="19.502"/>
</testsuite> <!-- TestTrello -->
